app/build/intermediates/manifest_merge_blame_file/debug/processDebugMainManifest/manifest-merger-blame-debug-report.txt
1<?xml version="1.0" encoding="utf-8"?>
2<manifest xmlns:android="http://schemas.android.com/apk/res/android"
3    package="com.gymlevels.app"
4    android:versionCode="1"
5    android:versionName="1.0" >
6
7    <uses-sdk
8        android:minSdkVersion="26"
9        android:targetSdkVersion="35" />
10
11    <uses-permission android:name="android.permission.ACTIVITY_RECOGNITION" />
11-->src\main\AndroidManifest.xml:2:5-79
11-->src\main\AndroidManifest.xml:2:22-76
12    <uses-permission android:name="android.permission.CAMERA" />
12-->src\main\AndroidManifest.xml:3:5-65
12-->src\main\AndroidManifest.xml:3:22-62
13    <uses-permission android:name="android.permission.INTERNET" />
13-->src\main\AndroidManifest.xml:4:5-67
13-->src\main\AndroidManifest.xml:4:22-64
14
15    <uses-feature
15-->src\main\AndroidManifest.xml:5:5-97
16        android:name="android.hardware.sensor.stepcounter"
16-->src\main\AndroidManifest.xml:5:19-69
17        android:required="false" />
17-->src\main\AndroidManifest.xml:5:70-94
18    <uses-feature
18-->src\main\AndroidManifest.xml:6:5-89
19        android:name="android.hardware.camera.any"
19-->src\main\AndroidManifest.xml:6:19-61
20        android:required="false" />
20-->src\main\AndroidManifest.xml:6:62-86
21
22    <application
22-->src\main\AndroidManifest.xml:8:5-22:19
23        android:allowBackup="true"
23-->src\main\AndroidManifest.xml:9:9-35
24        android:debuggable="true"
25        android:extractNativeLibs="false"
26        android:icon="@mipmap/ic_launcher"
26-->src\main\AndroidManifest.xml:10:9-43
27        android:label="GymLevels"
27-->src\main\AndroidManifest.xml:11:9-34
28        android:roundIcon="@mipmap/ic_launcher_round"
28-->src\main\AndroidManifest.xml:12:9-54
29        android:theme="@style/AppTheme" >
29-->src\main\AndroidManifest.xml:13:9-40
30        <activity
30-->src\main\AndroidManifest.xml:14:9-21:20
31            android:name="com.gymlevels.app.MainActivity"
31-->src\main\AndroidManifest.xml:15:13-41
32            android:exported="true" >
32-->src\main\AndroidManifest.xml:16:13-36
33            <intent-filter>
33-->src\main\AndroidManifest.xml:17:13-20:29
34                <action android:name="android.intent.action.MAIN" />
34-->src\main\AndroidManifest.xml:18:17-69
34-->src\main\AndroidManifest.xml:18:25-66
35
36                <category android:name="android.intent.category.LAUNCHER" />
36-->src\main\AndroidManifest.xml:19:17-77
36-->src\main\AndroidManifest.xml:19:27-74
37            </intent-filter>
38        </activity>
39    </application>
40
41</manifest>